[debug] [2024-01-16T13:39:04.693Z] ----------------------------------------------------------------------
[debug] [2024-01-16T13:39:04.697Z] Command:       C:\Program Files\nodejs\node.exe C:\Users\mille\AppData\Roaming\npm\node_modules\firebase-tools\lib\bin\firebase.js projects:list --json
[debug] [2024-01-16T13:39:04.697Z] CLI Version:   13.0.2
[debug] [2024-01-16T13:39:04.698Z] Platform:      win32
[debug] [2024-01-16T13:39:04.698Z] Node Version:  v20.10.0
[debug] [2024-01-16T13:39:04.698Z] Time:          Tue Jan 16 2024 10:39:04 GMT-0300 (Horário Padrão de Brasília)
[debug] [2024-01-16T13:39:04.698Z] ----------------------------------------------------------------------
[debug] 
[debug] [2024-01-16T13:39:04.705Z] > command requires scopes: ["email","openid","https://www.googleapis.com/auth/cloudplatformprojects.readonly","https://www.googleapis.com/auth/firebase","https://www.googleapis.com/auth/cloud-platform"]
[debug] [2024-01-16T13:39:04.706Z] > authorizing via signed-in user (millerallan17@gmail.com)
[debug] [2024-01-16T13:39:04.709Z] > refreshing access token with scopes: []
[debug] [2024-01-16T13:39:04.711Z] >>> [apiv2][query] POST https://www.googleapis.com/oauth2/v3/token [none]
[debug] [2024-01-16T13:39:04.711Z] >>> [apiv2][body] POST https://www.googleapis.com/oauth2/v3/token [omitted]
[debug] [2024-01-16T13:39:16.838Z] *** [apiv2] error from fetch(https://www.googleapis.com/oauth2/v3/token, {"headers":{},"method":"POST","body":{"_overheadLength":545,"_valueLength":212,"_valuesToMeasure":[],"writable":false,"readable":true,"dataSize":0,"maxDataSize":2097152,"pauseStreams":true,"_released":true,"_streams":[],"_currentStream":null,"_insideLoop":false,"_pendingNext":false,"_boundary":"--------------------------770333929038257566805832","_events":{},"_eventsCount":1}}): FetchError: request to https://www.googleapis.com/oauth2/v3/token failed, reason: getaddrinfo ENOTFOUND www.googleapis.com
[debug] [2024-01-16T13:39:16.840Z] Authentication Error: Your credentials are no longer valid. Please run firebase login --reauth

For CI servers and headless environments, generate a new token with firebase login:ci
[debug] [2024-01-16T13:39:16.865Z] FirebaseError: Authentication Error: Your credentials are no longer valid. Please run firebase login --reauth

For CI servers and headless environments, generate a new token with firebase login:ci
    at invalidCredentialError (C:\Users\mille\AppData\Roaming\npm\node_modules\firebase-tools\lib\auth.js:142:12)
    at refreshTokens (C:\Users\mille\AppData\Roaming\npm\node_modules\firebase-tools\lib\auth.js:506:15)
    at process.processTicksAndRejections (node:internal/process/task_queues:95:5)
    at async Client.getAccessToken (C:\Users\mille\AppData\Roaming\npm\node_modules\firebase-tools\lib\apiv2.js:156:22)
    at async Client.addAuthHeader (C:\Users\mille\AppData\Roaming\npm\node_modules\firebase-tools\lib\apiv2.js:147:21)
    at async Client.request (C:\Users\mille\AppData\Roaming\npm\node_modules\firebase-tools\lib\apiv2.js:103:34)
    at async getProjectPage (C:\Users\mille\AppData\Roaming\npm\node_modules\firebase-tools\lib\management\projects.js:238:17)
    at async getFirebaseProjectPage (C:\Users\mille\AppData\Roaming\npm\node_modules\firebase-tools\lib\management\projects.js:255:23)
    at async listFirebaseProjects (C:\Users\mille\AppData\Roaming\npm\node_modules\firebase-tools\lib\management\projects.js:286:29)
    at async Command.actionFn (C:\Users\mille\AppData\Roaming\npm\node_modules\firebase-tools\lib\commands\projects-list.js:51:20)
[error] 
[error] Error: Failed to list Firebase projects. See firebase-debug.log for more info.
