#
# There is insufficient memory for the Java Runtime Environment to continue.
# Native memory allocation (mmap) failed to map 335544320 bytes for G1 virtual space
# Possible reasons:
#   The system is out of physical RAM or swap space
#   The process is running with CompressedOops enabled, and the Java Heap may be blocking the growth of the native heap
# Possible solutions:
#   Reduce memory load on the system
#   Increase physical memory or swap space
#   Check if swap backing store is full
#   Decrease Java heap size (-Xmx/-Xms)
#   Decrease number of Java threads
#   Decrease Java thread stack sizes (-Xss)
#   Set larger code cache with -XX:ReservedCodeCacheSize=
#   JVM is running with Zero Based Compressed Oops mode in which the Java heap is
#     placed in the first 32GB address space. The Java Heap base address is the
#     maximum limit for the native heap growth. Please use -XX:HeapBaseMinAddress
#     to set the Java Heap base and to place the Java Heap above 32GB virtual address.
# This output file may be truncated or incomplete.
#
#  Out of Memory Error (os_windows.cpp:3769), pid=22308, tid=26236
#
# JRE version:  (17.0.6) (build )
# Java VM: OpenJDK 64-Bit Server VM (17.0.6+0-b2043.56-10027231, mixed mode, sharing, tiered, compressed oops, compressed class ptrs, g1 gc, windows-amd64)
# No core dump will be written. Minidumps are not enabled by default on client versions of Windows
#

---------------  S U M M A R Y ------------

Command Line: -Dorg.gradle.appname=gradlew org.gradle.wrapper.GradleWrapperMain -q -Ptarget-platform=android-x64 -Ptarget=C:\Users\mille\flutterProjects\devel\replica_google_classroom\lib\main.dart -Pbase-application-name=android.app.Application -Pdart-defines=RkxVVFRFUl9XRUJfQVVUT19ERVRFQ1Q9dHJ1ZQ==,RkxVVFRFUl9XRUJfQ0FOVkFTS0lUX1VSTD1odHRwczovL3d3dy5nc3RhdGljLmNvbS9mbHV0dGVyLWNhbnZhc2tpdC9iZDk4NmM1ZWQyMGE2MmRjMzRiNzcxOGM1MGFiYzc4MmJlYWU0YzMzLw== -Pdart-obfuscation=false -Ptrack-widget-creation=true -Ptree-shake-icons=false -Pfilesystem-scheme=org-dartlang-root assembleDebug

Host: Intel(R) Core(TM) i5-10210U CPU @ 1.60GHz, 8 cores, 19G,  Windows 11 , 64 bit Build 22621 (10.0.22621.2428)
Time: Tue Nov  7 08:15:22 2023 Hora Padrão de Buenos Aires elapsed time: 0.011375 seconds (0d 0h 0m 0s)

---------------  T H R E A D  ---------------

Current thread (0x0000022d5c060b80):  JavaThread "Unknown thread" [_thread_in_vm, id=26236, stack(0x000000cfe8d00000,0x000000cfe8e00000)]

Stack: [0x000000cfe8d00000,0x000000cfe8e00000]
Native frames: (J=compiled Java code, j=interpreted, Vv=VM code, C=native code)
V  [jvm.dll+0x683c9a]
V  [jvm.dll+0x8427a4]
V  [jvm.dll+0x843f9e]
V  [jvm.dll+0x844603]
V  [jvm.dll+0x249b75]
V  [jvm.dll+0x680b69]
V  [jvm.dll+0x67505a]
V  [jvm.dll+0x309acb]
V  [jvm.dll+0x310f86]
V  [jvm.dll+0x3608ee]
V  [jvm.dll+0x360b1f]
V  [jvm.dll+0x2dfbf8]
V  [jvm.dll+0x2e0b64]
V  [jvm.dll+0x814091]
V  [jvm.dll+0x36e6a1]
V  [jvm.dll+0x7f35cc]
V  [jvm.dll+0x3f0e8f]
V  [jvm.dll+0x3f29d1]
C  [jli.dll+0x526b]
C  [ucrtbase.dll+0x29363]
C  [KERNEL32.DLL+0x1257d]
C  [ntdll.dll+0x5aa78]


---------------  P R O C E S S  ---------------

Threads class SMR info:
_java_thread_list=0x00007ffe2dfbc058, length=0, elements={
}

Java Threads: ( => current thread )

Other Threads:
  0x0000022d5c0d5820 GCTaskThread "GC Thread#0" [stack: 0x000000cfe8e00000,0x000000cfe8f00000] [id=18688]
  0x0000022d5c0e1630 ConcurrentGCThread "G1 Main Marker" [stack: 0x000000cfe8f00000,0x000000cfe9000000] [id=30748]
  0x0000022d5c0e27e0 ConcurrentGCThread "G1 Conc#0" [stack: 0x000000cfe9000000,0x000000cfe9100000] [id=33648]

[error occurred during error reporting (printing all threads), id 0xc0000005, EXCEPTION_ACCESS_VIOLATION (0xc0000005) at pc=0x00007ffe2d770797]

VM state: not at safepoint (not fully initialized)

VM Mutex/Monitor currently owned by a thread:  ([mutex/lock_event])
[0x0000022d5c05b070] Heap_lock - owner thread: 0x0000022d5c060b80

Heap address: 0x00000006c2800000, size: 5080 MB, Compressed Oops mode: Zero based, Oop shift amount: 3

CDS archive(s) mapped at: [0x0000000000000000-0x0000000000000000-0x0000000000000000), size 0, SharedBaseAddress: 0x0000000800000000, ArchiveRelocationMode: 0.
Narrow klass base: 0x0000000000000000, Narrow klass shift: 0, Narrow klass range: 0x0

GC Precious Log:
<Empty>

Heap:
 garbage-first heap   total 0K, used 0K [0x00000006c2800000, 0x0000000800000000)
  region size 4096K, 0 young (0K), 0 survivors (0K)

[error occurred during error reporting (printing heap information), id 0xc0000005, EXCEPTION_ACCESS_VIOLATION (0xc0000005) at pc=0x00007ffe2db5da89]

GC Heap History (0 events):
No events

Dll operation events (1 events):
Event: 0.007 Loaded shared library C:\Program Files\Android\Android Studio\jbr\bin\java.dll

Deoptimization events (0 events):
No events

Classes unloaded (0 events):
No events

Classes redefined (0 events):
No events

Internal exceptions (0 events):
No events

VM Operations (0 events):
No events

Events (0 events):
No events


Dynamic libraries:
0x00007ff66f7a0000 - 0x00007ff66f7aa000 	C:\Program Files\Android\Android Studio\jbr\bin\java.exe
0x00007ffec6990000 - 0x00007ffec6ba7000 	C:\WINDOWS\SYSTEM32\ntdll.dll
0x00007ffec4db0000 - 0x00007ffec4e74000 	C:\WINDOWS\System32\KERNEL32.DLL
0x00007ffec3d10000 - 0x00007ffec40b6000 	C:\WINDOWS\System32\KERNELBASE.dll
0x00007ffec44b0000 - 0x00007ffec45c1000 	C:\WINDOWS\System32\ucrtbase.dll
0x00007ffebf310000 - 0x00007ffebf327000 	C:\Program Files\Android\Android Studio\jbr\bin\jli.dll
0x00007ffebf260000 - 0x00007ffebf27b000 	C:\Program Files\Android\Android Studio\jbr\bin\VCRUNTIME140.dll
0x00007ffec50c0000 - 0x00007ffec526d000 	C:\WINDOWS\System32\USER32.dll
0x00007ffeb07c0000 - 0x00007ffeb0a53000 	C:\WINDOWS\WinSxS\amd64_microsoft.windows.common-controls_6595b64144ccf1df_6.0.22621.2361_none_2712ced57382f843\COMCTL32.dll
0x00007ffec4310000 - 0x00007ffec4336000 	C:\WINDOWS\System32\win32u.dll
0x00007ffec4c50000 - 0x00007ffec4cf7000 	C:\WINDOWS\System32\msvcrt.dll
0x00007ffec6700000 - 0x00007ffec6729000 	C:\WINDOWS\System32\GDI32.dll
0x00007ffec45d0000 - 0x00007ffec46e8000 	C:\WINDOWS\System32\gdi32full.dll
0x00007ffec4140000 - 0x00007ffec41da000 	C:\WINDOWS\System32\msvcp_win.dll
0x00007ffec4f80000 - 0x00007ffec4fb1000 	C:\WINDOWS\System32\IMM32.DLL
0x00007ffec0cf0000 - 0x00007ffec0cfc000 	C:\Program Files\Android\Android Studio\jbr\bin\vcruntime140_1.dll
0x00007ffeaef90000 - 0x00007ffeaf01d000 	C:\Program Files\Android\Android Studio\jbr\bin\msvcp140.dll
0x00007ffe2d480000 - 0x00007ffe2e0ee000 	C:\Program Files\Android\Android Studio\jbr\bin\server\jvm.dll
0x00007ffec4d00000 - 0x00007ffec4db0000 	C:\WINDOWS\System32\ADVAPI32.dll
0x00007ffec53d0000 - 0x00007ffec5476000 	C:\WINDOWS\System32\sechost.dll
0x00007ffec5ce0000 - 0x00007ffec5df7000 	C:\WINDOWS\System32\RPCRT4.dll
0x00007ffebdbc0000 - 0x00007ffebdbf4000 	C:\WINDOWS\SYSTEM32\WINMM.dll
0x00007ffebdb90000 - 0x00007ffebdb9a000 	C:\WINDOWS\SYSTEM32\VERSION.dll
0x00007ffea9460000 - 0x00007ffea9469000 	C:\WINDOWS\SYSTEM32\WSOCK32.dll
0x00007ffec49a0000 - 0x00007ffec4a11000 	C:\WINDOWS\System32\WS2_32.dll
0x00007ffec2d50000 - 0x00007ffec2d68000 	C:\WINDOWS\SYSTEM32\kernel.appcore.dll
0x00007ffebf300000 - 0x00007ffebf30a000 	C:\Program Files\Android\Android Studio\jbr\bin\jimage.dll
0x00007ffebe820000 - 0x00007ffebea4e000 	C:\WINDOWS\SYSTEM32\DBGHELP.DLL
0x00007ffec5e00000 - 0x00007ffec618a000 	C:\WINDOWS\System32\combase.dll
0x00007ffec6190000 - 0x00007ffec6267000 	C:\WINDOWS\System32\OLEAUT32.dll
0x00007ffead340000 - 0x00007ffead372000 	C:\WINDOWS\SYSTEM32\dbgcore.DLL
0x00007ffec40c0000 - 0x00007ffec413a000 	C:\WINDOWS\System32\bcryptPrimitives.dll
0x00007ffeb51a0000 - 0x00007ffeb51c5000 	C:\Program Files\Android\Android Studio\jbr\bin\java.dll

dbghelp: loaded successfully - version: 4.0.5 - missing functions: none
symbol engine: initialized successfully - sym options: 0x614 - pdb path: .;C:\Program Files\Android\Android Studio\jbr\bin;C:\WINDOWS\SYSTEM32;C:\WINDOWS\WinSxS\amd64_microsoft.windows.common-controls_6595b64144ccf1df_6.0.22621.2361_none_2712ced57382f843;C:\Program Files\Android\Android Studio\jbr\bin\server

VM Arguments:
jvm_args: -Dorg.gradle.appname=gradlew 
java_command: org.gradle.wrapper.GradleWrapperMain -q -Ptarget-platform=android-x64 -Ptarget=C:\Users\mille\flutterProjects\devel\replica_google_classroom\lib\main.dart -Pbase-application-name=android.app.Application -Pdart-defines=RkxVVFRFUl9XRUJfQVVUT19ERVRFQ1Q9dHJ1ZQ==,RkxVVFRFUl9XRUJfQ0FOVkFTS0lUX1VSTD1odHRwczovL3d3dy5nc3RhdGljLmNvbS9mbHV0dGVyLWNhbnZhc2tpdC9iZDk4NmM1ZWQyMGE2MmRjMzRiNzcxOGM1MGFiYzc4MmJlYWU0YzMzLw== -Pdart-obfuscation=false -Ptrack-widget-creation=true -Ptree-shake-icons=false -Pfilesystem-scheme=org-dartlang-root assembleDebug
java_class_path (initial): C:\Users\mille\flutterProjects\devel\replica_google_classroom\android\\gradle\wrapper\gradle-wrapper.jar
Launcher Type: SUN_STANDARD

[Global flags]
     intx CICompilerCount                          = 4                                         {product} {ergonomic}
     uint ConcGCThreads                            = 2                                         {product} {ergonomic}
     uint G1ConcRefinementThreads                  = 8                                         {product} {ergonomic}
   size_t G1HeapRegionSize                         = 4194304                                   {product} {ergonomic}
    uintx GCDrainStackTargetSize                   = 64                                        {product} {ergonomic}
   size_t InitialHeapSize                          = 335544320                                 {product} {ergonomic}
   size_t MarkStackSize                            = 4194304                                   {product} {ergonomic}
   size_t MaxHeapSize                              = 5326766080                                {product} {ergonomic}
   size_t MinHeapDeltaBytes                        = 4194304                                   {product} {ergonomic}
   size_t MinHeapSize                              = 8388608                                   {product} {ergonomic}
    uintx NonNMethodCodeHeapSize                   = 5839372                                {pd product} {ergonomic}
    uintx NonProfiledCodeHeapSize                  = 122909434                              {pd product} {ergonomic}
    uintx ProfiledCodeHeapSize                     = 122909434                              {pd product} {ergonomic}
    uintx ReservedCodeCacheSize                    = 251658240                              {pd product} {ergonomic}
     bool SegmentedCodeCache                       = true                                      {product} {ergonomic}
   size_t SoftMaxHeapSize                          = 5326766080                             {manageable} {ergonomic}
     bool UseCompressedClassPointers               = true                           {product lp64_product} {ergonomic}
     bool UseCompressedOops                        = true                           {product lp64_product} {ergonomic}
     bool UseG1GC                                  = true                                      {product} {ergonomic}
     bool UseLargePagesIndividualAllocation        = false                                  {pd product} {ergonomic}

Logging:
Log output configuration:
 #0: stdout all=warning uptime,level,tags
 #1: stderr all=off uptime,level,tags

Environment Variables:
JAVA_HOME=C:\Program Files\Android\Android Studio\jbr
CLASSPATH=C:\Users\mille\flutterProjects\devel\replica_google_classroom\android\\gradle\wrapper\gradle-wrapper.jar
PATH=C:\Program Files\Android\Android Studio\jbr\bin;C:\Program Files (x86)\Common Files\Intel\Shared Libraries\redist\intel64\compiler;C:\Program Files\Common Files\Oracle\Java\javapath;C:\Program Files (x86)\Common Files\Oracle\Java\javapath;C:\WINDOWS\system32;C:\WINDOWS;C:\WINDOWS\System32\Wbem;C:\WINDOWS\System32\WindowsPowerShell\v1.0\;C:\WINDOWS\System32\OpenSSH\;C:\Users\mille\AppData\Local\Programs\Python\Python311;C:\Users\mille\AppData\Local\Programs\Python\Python311\Scripts;C:\Program Files\Git\cmd;C:\MinGW\bin;C:\Program Files\Microsoft SQL Server\150\Tools\Binn\;C:\Program Files\Microsoft SQL Server\Client SDK\ODBC\170\Tools\Binn\;C:\Program Files\dotnet\;C:\Program Files (x86)\Windows Kits\10\Windows Performance Toolkit\;C:\Users\mille\AppData\Local\Microsoft\WindowsApps;C:\src\flutter_windows_3.13.1-stable\flutter\bin;C:\Users\mille\AppData\Local\Android\Sdk;C:\Users\mille\.dotnet\tools;C:\Users\mille\AppData\Local\Android\Sdk;C:\Users\mille\AppData\Local\Android\Sdk\cmdline-tools\latest\bin;C:\Users\mille\AppData\Local\Programs\Microsoft VS Code\bin;C:\src\flutter_windows_3.13.1-stable\flutter\bin\mingit\cmd
USERNAME=mille
OS=Windows_NT
PROCESSOR_IDENTIFIER=Intel64 Family 6 Model 142 Stepping 12, GenuineIntel
TMP=C:\Users\mille\AppData\Local\Temp
TEMP=C:\Users\mille\AppData\Local\Temp


JNI global refs:

[error occurred during error reporting (JNI global references), id 0xc0000005, EXCEPTION_ACCESS_VIOLATION (0xc0000005) at pc=0x00007ffe2d537a10]


---------------  S Y S T E M  ---------------

OS:
 Windows 11 , 64 bit Build 22621 (10.0.22621.2428)
OS uptime: 13 days 17:10 hours

CPU: total 8 (initial active 8) (4 cores per cpu, 2 threads per core) family 6 model 142 stepping 12 microcode 0xea, cx8, cmov, fxsr, ht, mmx, 3dnowpref, sse, sse2, sse3, ssse3, sse4.1, sse4.2, popcnt, lzcnt, tsc, tscinvbit, avx, avx2, aes, erms, clmul, bmi1, bmi2, adx, fma, vzeroupper, clflush, clflushopt

Memory: 4k page, system-wide physical 20313M (3445M free)
TotalPageFile size 50678M (AvailPageFile size 131M)
current process WorkingSet (physical memory assigned to process): 11M, peak: 11M
current process commit charge ("private bytes"): 60M, peak: 380M

vm_info: OpenJDK 64-Bit Server VM (17.0.6+0-b2043.56-10027231) for windows-amd64 JRE (17.0.6+0-b2043.56-10027231), built on Apr 28 2023 00:43:19 by "androidbuild" with MS VC++ 16.10 / 16.11 (VS2019)

END.
